<?xml version="1.0" encoding="UTF-8"?>
<!-- Generated by org.testng.reporters.JUnitXMLReporter -->
<testsuite ignored="0" hostname="DESKTOP-341MGB8" failures="4" tests="4" name="Entity Validation Test" time="73.247" errors="0" timestamp="2025-11-09T16:20:19 CET">
  <testcase classname="validation.VerifyTest" name="verifyEntities" time="18.106">
    <failure type="java.lang.AssertionError" message="No field names found for entity: SampleStrucuture">
      <![CDATA[java.lang.AssertionError: No field names found for entity: SampleStrucuture
at validation.VerifyTest.verifyEntities(VerifyTest.java:113)
at java.base/java.util.ArrayList.forEach(ArrayList.java:1604)
... Removed 26 stack frames]]>
    </failure>
  </testcase> <!-- verifyEntities -->
  <testcase classname="validation.VerifyTest" name="verifyEnumerations" time="21.14">
    <failure type="java.lang.AssertionError" message="Enumeration name mismatch! expected [EnumSample] but found [SampleStrucuture]">
      <![CDATA[java.lang.AssertionError: Enumeration name mismatch! expected [EnumSample] but found [SampleStrucuture]
at validation.VerifyTest.verifyEnumerations(VerifyTest.java:156)
at java.base/java.util.ArrayList.forEach(ArrayList.java:1604)
... Removed 26 stack frames]]>
    </failure>
  </testcase> <!-- verifyEnumerations -->
  <testcase classname="validation.VerifyTest" name="verifyFlows" time="16.079">
    <failure type="java.lang.AssertionError" message="Flow name mismatch! expected [ServerFlow] but found [SampleStrucuture]">
      <![CDATA[java.lang.AssertionError: Flow name mismatch! expected [ServerFlow] but found [SampleStrucuture]
at validation.VerifyTest.verifyFlows(VerifyTest.java:210)
at java.base/java.util.ArrayList.forEach(ArrayList.java:1604)
... Removed 26 stack frames]]>
    </failure>
  </testcase> <!-- verifyFlows -->
  <testcase classname="validation.VerifyTest" name="verifyFileFolders" time="15.171">
    <failure type="java.lang.AssertionError" message="Folder name mismatch! expected [VF1] but found [SampleStrucuture]">
      <![CDATA[java.lang.AssertionError: Folder name mismatch! expected [VF1] but found [SampleStrucuture]
at validation.VerifyTest.verifyFileFolders(VerifyTest.java:248)
at java.base/java.util.ArrayList.forEach(ArrayList.java:1604)
... Removed 26 stack frames]]>
    </failure>
  </testcase> <!-- verifyFileFolders -->
</testsuite> <!-- Entity Validation Test -->
